%EventDef PajeDefineContainerType 1
% Type string
% Alias string
% Name string
%EndEventDef

%EventDef PajeCreateContainer 2
% Time date 
% Type string  
% Alias string 
% Name string   
% Container string  
%EndEventDef

%EventDef PajeDestroyContainer 3
% Time date
% Name string 
% Type string
%EndEventDef

%EventDef PajeDefineStateType 4
% Alias string 
% Type string 
% Name string 
%EndEventDef

%EventDef PajeDefineEntityValue 5
% Alias string  
% Type string  
% Name string  
% Color color 
%EndEventDef

%EventDef PajeSetState 6
% Time date  
% Type string  
% Container string  
% Value string  
%EndEventDef 

%EventDef PajeDefineEventType 7
% Type string
% Alias string
% Name string
%EndEventDef

%EventDef PajeNewEvent 8
% Time date
% Type string
% Container string
% Value string
%EndEventDef

%EventDef PajeDefineVariableType 9
% Type string
% Alias string
% Name string
% Color string
%EndEventDef

%EventDef PajeSetVariable 10
% Time date
% Type string
% Container string
% Value double
%EndEventDef

# Container types creation
1 0 root_ct "Machines"
1 root_ct machine_ct "Machine"
1 0 scheduler_ct "Scheduler"
1 scheduler_ct killer_ct "Killer"

# Event types creation
7 killer_ct kk "Job kill"
7 machine_ct km "Job kill"

# Variable types creation
9 scheduler_ct vu_vt "Utilization" "0.0 0.5 0.0"

# Containers creation
2 0.000000 root_ct root "Machines" 0
2 0.000000 machine_ct m0 "0" root
2 0.000000 machine_ct m1 "1" root
2 0.000000 machine_ct m2 "10" root
2 0.000000 machine_ct m3 "11" root
2 0.000000 machine_ct m4 "12" root
2 0.000000 machine_ct m5 "13" root
2 0.000000 machine_ct m6 "14" root
2 0.000000 machine_ct m7 "15" root
2 0.000000 machine_ct m8 "2" root
2 0.000000 machine_ct m9 "3" root
2 0.000000 machine_ct m10 "4" root
2 0.000000 machine_ct m11 "5" root
2 0.000000 machine_ct m12 "6" root
2 0.000000 machine_ct m13 "7" root
2 0.000000 machine_ct m14 "8" root
2 0.000000 machine_ct m15 "9" root
2 0.000000 scheduler_ct sc "Scheduler" 0
2 0.000000 killer_ct k "Killer" sc

# States creation
4 machine_state machine_ct "Machine state"

# Creation of the different values the machine state can be
5 w machine_state "Waiting" "0.0 0.0 0.0"
5 l machine_state "Launching" "0.3 0.3 0.3"

# Begin of events
6 0.000000 machine_state m0 w
6 0.000000 machine_state m1 w
6 0.000000 machine_state m2 w
6 0.000000 machine_state m3 w
6 0.000000 machine_state m4 w
6 0.000000 machine_state m5 w
6 0.000000 machine_state m6 w
6 0.000000 machine_state m7 w
6 0.000000 machine_state m8 w
6 0.000000 machine_state m9 w
6 0.000000 machine_state m10 w
6 0.000000 machine_state m11 w
6 0.000000 machine_state m12 w
6 0.000000 machine_state m13 w
6 0.000000 machine_state m14 w
6 0.000000 machine_state m15 w
5 jw0!1 machine_state "w0!1" "0.000000 0.156250 1.000000"
6 0.000000 machine_state m0 jw0!1
6 0.000000 machine_state m1 jw0!1
6 0.000000 machine_state m2 jw0!1
6 0.000000 machine_state m3 jw0!1
6 0.000000 machine_state m4 jw0!1
5 jw0!2 machine_state "w0!2" "0.000000 1.000000 0.812500"
6 2.000000 machine_state m5 jw0!2
6 2.000000 machine_state m6 jw0!2
6 2.000000 machine_state m7 jw0!2
6 2.000000 machine_state m8 jw0!2
5 jw0!3 machine_state "w0!3" "1.000000 0.843750 0.000000"
6 6.000000 machine_state m9 jw0!3
6 6.000000 machine_state m10 jw0!3
6 6.000000 machine_state m11 jw0!3
6 6.000000 machine_state m12 jw0!3
6 6.000000 machine_state m13 jw0!3
8 148.000000 kk k "w0!1"
8 148.000000 km m0 "w0!1"
8 148.000000 km m1 "w0!1"
8 148.000000 km m2 "w0!1"
8 148.000000 km m3 "w0!1"
8 148.000000 km m4 "w0!1"
6 148.000000 machine_state m0 w
6 148.000000 machine_state m1 w
6 148.000000 machine_state m2 w
6 148.000000 machine_state m3 w
6 148.000000 machine_state m4 w
5 jw0!4 machine_state "w0!4" "0.000000 0.812500 1.000000"
6 148.000000 machine_state m0 jw0!4
6 148.000000 machine_state m1 jw0!4
6 148.000000 machine_state m2 jw0!4
6 148.000000 machine_state m3 jw0!4
8 152.000000 kk k "w0!2"
8 152.000000 km m5 "w0!2"
8 152.000000 km m6 "w0!2"
8 152.000000 km m7 "w0!2"
8 152.000000 km m8 "w0!2"
6 152.000000 machine_state m5 w
6 152.000000 machine_state m6 w
6 152.000000 machine_state m7 w
6 152.000000 machine_state m8 w
5 jw0!5 machine_state "w0!5" "0.968750 1.000000 0.000000"
6 152.000000 machine_state m4 jw0!5
6 152.000000 machine_state m5 jw0!5
6 152.000000 machine_state m6 jw0!5
6 152.000000 machine_state m7 jw0!5
6 152.000000 machine_state m8 jw0!5
8 153.000000 kk k "w0!3"
8 153.000000 km m9 "w0!3"
8 153.000000 km m10 "w0!3"
8 153.000000 km m11 "w0!3"
8 153.000000 km m12 "w0!3"
8 153.000000 km m13 "w0!3"
6 153.000000 machine_state m9 w
6 153.000000 machine_state m10 w
6 153.000000 machine_state m11 w
6 153.000000 machine_state m12 w
6 153.000000 machine_state m13 w
5 jw0!6 machine_state "w0!6" "0.500000 0.000000 1.000000"
6 153.000000 machine_state m9 jw0!6
6 153.000000 machine_state m10 jw0!6
6 153.000000 machine_state m11 jw0!6
6 153.000000 machine_state m12 jw0!6
8 297.000000 kk k "w0!4"
8 297.000000 km m0 "w0!4"
8 297.000000 km m1 "w0!4"
8 297.000000 km m2 "w0!4"
8 297.000000 km m3 "w0!4"
6 297.000000 machine_state m0 w
6 297.000000 machine_state m1 w
6 297.000000 machine_state m2 w
6 297.000000 machine_state m3 w
5 jw0!7 machine_state "w0!7" "1.000000 0.000000 0.093750"
6 297.000000 machine_state m0 jw0!7
6 297.000000 machine_state m1 jw0!7
6 297.000000 machine_state m2 jw0!7
6 297.000000 machine_state m3 jw0!7
6 297.000000 machine_state m13 jw0!7
8 299.000000 kk k "w0!5"
8 299.000000 km m4 "w0!5"
8 299.000000 km m5 "w0!5"
8 299.000000 km m6 "w0!5"
8 299.000000 km m7 "w0!5"
8 299.000000 km m8 "w0!5"
6 299.000000 machine_state m4 w
6 299.000000 machine_state m5 w
6 299.000000 machine_state m6 w
6 299.000000 machine_state m7 w
6 299.000000 machine_state m8 w
5 jw0!8 machine_state "w0!8" "1.000000 0.000000 0.750000"
6 299.000000 machine_state m4 jw0!8
6 299.000000 machine_state m5 jw0!8
6 299.000000 machine_state m6 jw0!8
8 301.000000 kk k "w0!6"
8 301.000000 km m9 "w0!6"
8 301.000000 km m10 "w0!6"
8 301.000000 km m11 "w0!6"
8 301.000000 km m12 "w0!6"
6 301.000000 machine_state m9 w
6 301.000000 machine_state m10 w
6 301.000000 machine_state m11 w
6 301.000000 machine_state m12 w
5 jw0!9 machine_state "w0!9" "1.000000 0.000000 0.281250"
6 301.000000 machine_state m7 jw0!9
6 301.000000 machine_state m8 jw0!9
6 301.000000 machine_state m9 jw0!9
6 301.000000 machine_state m10 jw0!9
6 301.000000 machine_state m11 jw0!9
5 jw0!13 machine_state "w0!13" "0.875000 1.000000 0.000000"
6 301.000000 machine_state m12 jw0!13
6 301.000000 machine_state m14 jw0!13
6 301.000000 machine_state m15 jw0!13
8 447.000000 kk k "w0!13"
8 447.000000 km m12 "w0!13"
8 447.000000 km m14 "w0!13"
8 447.000000 km m15 "w0!13"
6 447.000000 machine_state m12 w
6 447.000000 machine_state m14 w
6 447.000000 machine_state m15 w
5 jw0!29 machine_state "w0!29" "0.781250 0.000000 1.000000"
6 447.000000 machine_state m12 jw0!29
6 447.000000 machine_state m14 jw0!29
6 447.000000 machine_state m15 jw0!29
8 448.000000 kk k "w0!7"
8 448.000000 km m0 "w0!7"
8 448.000000 km m1 "w0!7"
8 448.000000 km m2 "w0!7"
8 448.000000 km m3 "w0!7"
8 448.000000 km m13 "w0!7"
6 448.000000 machine_state m0 w
6 448.000000 machine_state m1 w
6 448.000000 machine_state m2 w
6 448.000000 machine_state m3 w
6 448.000000 machine_state m13 w
8 448.000000 kk k "w0!8"
8 448.000000 km m4 "w0!8"
8 448.000000 km m5 "w0!8"
8 448.000000 km m6 "w0!8"
6 448.000000 machine_state m4 w
6 448.000000 machine_state m5 w
6 448.000000 machine_state m6 w
5 jw0!10 machine_state "w0!10" "0.125000 1.000000 0.000000"
6 448.000000 machine_state m0 jw0!10
6 448.000000 machine_state m1 jw0!10
6 448.000000 machine_state m2 jw0!10
6 448.000000 machine_state m3 jw0!10
5 jw0!11 machine_state "w0!11" "0.000000 0.531250 1.000000"
6 448.000000 machine_state m4 jw0!11
6 448.000000 machine_state m5 jw0!11
6 448.000000 machine_state m6 jw0!11
6 448.000000 machine_state m13 jw0!11
8 451.000000 kk k "w0!9"
8 451.000000 km m7 "w0!9"
8 451.000000 km m8 "w0!9"
8 451.000000 km m9 "w0!9"
8 451.000000 km m10 "w0!9"
8 451.000000 km m11 "w0!9"
6 451.000000 machine_state m7 w
6 451.000000 machine_state m8 w
6 451.000000 machine_state m9 w
6 451.000000 machine_state m10 w
6 451.000000 machine_state m11 w
5 jw0!12 machine_state "w0!12" "1.000000 0.000000 0.375000"
6 451.000000 machine_state m7 jw0!12
6 451.000000 machine_state m8 jw0!12
6 451.000000 machine_state m9 jw0!12
6 451.000000 machine_state m10 jw0!12
6 451.000000 machine_state m11 jw0!12
8 594.000000 kk k "w0!29"
8 594.000000 km m12 "w0!29"
8 594.000000 km m14 "w0!29"
8 594.000000 km m15 "w0!29"
6 594.000000 machine_state m12 w
6 594.000000 machine_state m14 w
6 594.000000 machine_state m15 w
8 595.000000 kk k "w0!10"
8 595.000000 km m0 "w0!10"
8 595.000000 km m1 "w0!10"
8 595.000000 km m2 "w0!10"
8 595.000000 km m3 "w0!10"
6 595.000000 machine_state m0 w
6 595.000000 machine_state m1 w
6 595.000000 machine_state m2 w
6 595.000000 machine_state m3 w
5 jw0!14 machine_state "w0!14" "0.000000 0.343750 1.000000"
6 595.000000 machine_state m0 jw0!14
6 595.000000 machine_state m1 jw0!14
6 595.000000 machine_state m2 jw0!14
6 595.000000 machine_state m3 jw0!14
6 595.000000 machine_state m12 jw0!14
8 597.000000 kk k "w0!11"
8 597.000000 km m4 "w0!11"
8 597.000000 km m5 "w0!11"
8 597.000000 km m6 "w0!11"
8 597.000000 km m13 "w0!11"
6 597.000000 machine_state m4 w
6 597.000000 machine_state m5 w
6 597.000000 machine_state m6 w
6 597.000000 machine_state m13 w
5 jw0!15 machine_state "w0!15" "0.406250 0.000000 1.000000"
6 597.000000 machine_state m4 jw0!15
6 597.000000 machine_state m5 jw0!15
6 597.000000 machine_state m6 jw0!15
6 597.000000 machine_state m13 jw0!15
6 597.000000 machine_state m14 jw0!15
8 601.000000 kk k "w0!12"
8 601.000000 km m7 "w0!12"
8 601.000000 km m8 "w0!12"
8 601.000000 km m9 "w0!12"
8 601.000000 km m10 "w0!12"
8 601.000000 km m11 "w0!12"
6 601.000000 machine_state m7 w
6 601.000000 machine_state m8 w
6 601.000000 machine_state m9 w
6 601.000000 machine_state m10 w
6 601.000000 machine_state m11 w
5 jw0!16 machine_state "w0!16" "0.500000 1.000000 0.000000"
6 601.000000 machine_state m7 jw0!16
6 601.000000 machine_state m8 jw0!16
6 601.000000 machine_state m9 jw0!16
6 601.000000 machine_state m10 jw0!16
8 745.000000 kk k "w0!14"
8 745.000000 km m0 "w0!14"
8 745.000000 km m1 "w0!14"
8 745.000000 km m2 "w0!14"
8 745.000000 km m3 "w0!14"
8 745.000000 km m12 "w0!14"
6 745.000000 machine_state m0 w
6 745.000000 machine_state m1 w
6 745.000000 machine_state m2 w
6 745.000000 machine_state m3 w
6 745.000000 machine_state m12 w
5 jw0!17 machine_state "w0!17" "1.000000 0.562500 0.000000"
6 745.000000 machine_state m0 jw0!17
6 745.000000 machine_state m1 jw0!17
6 745.000000 machine_state m2 jw0!17
6 745.000000 machine_state m3 jw0!17
6 745.000000 machine_state m11 jw0!17
8 748.000000 kk k "w0!15"
8 748.000000 km m4 "w0!15"
8 748.000000 km m5 "w0!15"
8 748.000000 km m6 "w0!15"
8 748.000000 km m13 "w0!15"
8 748.000000 km m14 "w0!15"
6 748.000000 machine_state m4 w
6 748.000000 machine_state m5 w
6 748.000000 machine_state m6 w
6 748.000000 machine_state m13 w
6 748.000000 machine_state m14 w
5 jw0!18 machine_state "w0!18" "1.000000 0.937500 0.000000"
6 748.000000 machine_state m4 jw0!18
6 748.000000 machine_state m5 jw0!18
6 748.000000 machine_state m6 jw0!18
6 748.000000 machine_state m12 jw0!18
6 748.000000 machine_state m13 jw0!18
6 748.000000 machine_state m14 jw0!18
8 753.000000 kk k "w0!16"
8 753.000000 km m7 "w0!16"
8 753.000000 km m8 "w0!16"
8 753.000000 km m9 "w0!16"
8 753.000000 km m10 "w0!16"
6 753.000000 machine_state m7 w
6 753.000000 machine_state m8 w
6 753.000000 machine_state m9 w
6 753.000000 machine_state m10 w
5 jw0!19 machine_state "w0!19" "1.000000 0.000000 0.562500"
6 753.000000 machine_state m7 jw0!19
6 753.000000 machine_state m8 jw0!19
6 753.000000 machine_state m9 jw0!19
6 753.000000 machine_state m10 jw0!19
6 753.000000 machine_state m15 jw0!19
8 896.000000 kk k "w0!17"
8 896.000000 km m0 "w0!17"
8 896.000000 km m1 "w0!17"
8 896.000000 km m2 "w0!17"
8 896.000000 km m3 "w0!17"
8 896.000000 km m11 "w0!17"
6 896.000000 machine_state m0 w
6 896.000000 machine_state m1 w
6 896.000000 machine_state m2 w
6 896.000000 machine_state m3 w
6 896.000000 machine_state m11 w
5 jw0!20 machine_state "w0!20" "0.000000 1.000000 0.250000"
6 896.000000 machine_state m0 jw0!20
6 896.000000 machine_state m1 jw0!20
6 896.000000 machine_state m2 jw0!20
6 896.000000 machine_state m3 jw0!20
8 898.000000 kk k "w0!18"
8 898.000000 km m4 "w0!18"
8 898.000000 km m5 "w0!18"
8 898.000000 km m6 "w0!18"
8 898.000000 km m12 "w0!18"
8 898.000000 km m13 "w0!18"
8 898.000000 km m14 "w0!18"
6 898.000000 machine_state m4 w
6 898.000000 machine_state m5 w
6 898.000000 machine_state m6 w
6 898.000000 machine_state m12 w
6 898.000000 machine_state m13 w
6 898.000000 machine_state m14 w
5 jw0!21 machine_state "w0!21" "0.593750 0.000000 1.000000"
6 898.000000 machine_state m4 jw0!21
6 898.000000 machine_state m5 jw0!21
6 898.000000 machine_state m6 jw0!21
6 898.000000 machine_state m11 jw0!21
6 898.000000 machine_state m12 jw0!21
8 903.000000 kk k "w0!19"
8 903.000000 km m7 "w0!19"
8 903.000000 km m8 "w0!19"
8 903.000000 km m9 "w0!19"
8 903.000000 km m10 "w0!19"
8 903.000000 km m15 "w0!19"
6 903.000000 machine_state m7 w
6 903.000000 machine_state m8 w
6 903.000000 machine_state m9 w
6 903.000000 machine_state m10 w
6 903.000000 machine_state m15 w
5 jw0!22 machine_state "w0!22" "0.218750 1.000000 0.000000"
6 903.000000 machine_state m7 jw0!22
6 903.000000 machine_state m8 jw0!22
6 903.000000 machine_state m9 jw0!22
6 903.000000 machine_state m10 jw0!22
6 903.000000 machine_state m13 jw0!22
6 903.000000 machine_state m14 jw0!22
8 1044.000000 kk k "w0!20"
8 1044.000000 km m0 "w0!20"
8 1044.000000 km m1 "w0!20"
8 1044.000000 km m2 "w0!20"
8 1044.000000 km m3 "w0!20"
6 1044.000000 machine_state m0 w
6 1044.000000 machine_state m1 w
6 1044.000000 machine_state m2 w
6 1044.000000 machine_state m3 w
8 1048.000000 kk k "w0!21"
8 1048.000000 km m4 "w0!21"
8 1048.000000 km m5 "w0!21"
8 1048.000000 km m6 "w0!21"
8 1048.000000 km m11 "w0!21"
8 1048.000000 km m12 "w0!21"
6 1048.000000 machine_state m4 w
6 1048.000000 machine_state m5 w
6 1048.000000 machine_state m6 w
6 1048.000000 machine_state m11 w
6 1048.000000 machine_state m12 w
5 jw0!23 machine_state "w0!23" "1.000000 0.000000 0.000000"
6 1048.000000 machine_state m0 jw0!23
6 1048.000000 machine_state m1 jw0!23
6 1048.000000 machine_state m2 jw0!23
6 1048.000000 machine_state m3 jw0!23
6 1048.000000 machine_state m4 jw0!23
6 1048.000000 machine_state m5 jw0!23
5 jw0!24 machine_state "w0!24" "1.000000 0.656250 0.000000"
6 1048.000000 machine_state m6 jw0!24
6 1048.000000 machine_state m11 jw0!24
6 1048.000000 machine_state m12 jw0!24
6 1048.000000 machine_state m15 jw0!24
8 1051.000000 kk k "w0!22"
8 1051.000000 km m7 "w0!22"
8 1051.000000 km m8 "w0!22"
8 1051.000000 km m9 "w0!22"
8 1051.000000 km m10 "w0!22"
8 1051.000000 km m13 "w0!22"
8 1051.000000 km m14 "w0!22"
6 1051.000000 machine_state m7 w
6 1051.000000 machine_state m8 w
6 1051.000000 machine_state m9 w
6 1051.000000 machine_state m10 w
6 1051.000000 machine_state m13 w
6 1051.000000 machine_state m14 w
5 jw0!25 machine_state "w0!25" "0.593750 1.000000 0.000000"
6 1051.000000 machine_state m7 jw0!25
6 1051.000000 machine_state m8 jw0!25
6 1051.000000 machine_state m9 jw0!25
6 1051.000000 machine_state m10 jw0!25
6 1051.000000 machine_state m13 jw0!25
8 1195.000000 kk k "w0!23"
8 1195.000000 km m0 "w0!23"
8 1195.000000 km m1 "w0!23"
8 1195.000000 km m2 "w0!23"
8 1195.000000 km m3 "w0!23"
8 1195.000000 km m4 "w0!23"
8 1195.000000 km m5 "w0!23"
6 1195.000000 machine_state m0 w
6 1195.000000 machine_state m1 w
6 1195.000000 machine_state m2 w
6 1195.000000 machine_state m3 w
6 1195.000000 machine_state m4 w
6 1195.000000 machine_state m5 w
5 jw0!26 machine_state "w0!26" "1.000000 0.000000 0.187500"
6 1195.000000 machine_state m0 jw0!26
6 1195.000000 machine_state m1 jw0!26
6 1195.000000 machine_state m2 jw0!26
6 1195.000000 machine_state m3 jw0!26
8 1199.000000 kk k "w0!24"
8 1199.000000 km m6 "w0!24"
8 1199.000000 km m11 "w0!24"
8 1199.000000 km m12 "w0!24"
8 1199.000000 km m15 "w0!24"
6 1199.000000 machine_state m6 w
6 1199.000000 machine_state m11 w
6 1199.000000 machine_state m12 w
6 1199.000000 machine_state m15 w
5 jw0!27 machine_state "w0!27" "0.031250 0.000000 1.000000"
6 1199.000000 machine_state m4 jw0!27
6 1199.000000 machine_state m5 jw0!27
6 1199.000000 machine_state m6 jw0!27
6 1199.000000 machine_state m11 jw0!27
6 1199.000000 machine_state m12 jw0!27
8 1200.000000 kk k "w0!25"
8 1200.000000 km m7 "w0!25"
8 1200.000000 km m8 "w0!25"
8 1200.000000 km m9 "w0!25"
8 1200.000000 km m10 "w0!25"
8 1200.000000 km m13 "w0!25"
6 1200.000000 machine_state m7 w
6 1200.000000 machine_state m8 w
6 1200.000000 machine_state m9 w
6 1200.000000 machine_state m10 w
6 1200.000000 machine_state m13 w
5 jw0!28 machine_state "w0!28" "0.000000 1.000000 0.906250"
6 1200.000000 machine_state m7 jw0!28
6 1200.000000 machine_state m8 jw0!28
6 1200.000000 machine_state m9 jw0!28
6 1200.000000 machine_state m10 jw0!28
6 1200.000000 machine_state m13 jw0!28
6 1200.000000 machine_state m14 jw0!28
8 1345.000000 kk k "w0!26"
8 1345.000000 km m0 "w0!26"
8 1345.000000 km m1 "w0!26"
8 1345.000000 km m2 "w0!26"
8 1345.000000 km m3 "w0!26"
6 1345.000000 machine_state m0 w
6 1345.000000 machine_state m1 w
6 1345.000000 machine_state m2 w
6 1345.000000 machine_state m3 w
5 jw0!30 machine_state "w0!30" "0.000000 1.000000 0.156250"
6 1345.000000 machine_state m0 jw0!30
6 1345.000000 machine_state m1 jw0!30
6 1345.000000 machine_state m2 jw0!30
6 1345.000000 machine_state m3 jw0!30
6 1345.000000 machine_state m15 jw0!30
8 1348.000000 kk k "w0!27"
8 1348.000000 km m4 "w0!27"
8 1348.000000 km m5 "w0!27"
8 1348.000000 km m6 "w0!27"
8 1348.000000 km m11 "w0!27"
8 1348.000000 km m12 "w0!27"
6 1348.000000 machine_state m4 w
6 1348.000000 machine_state m5 w
6 1348.000000 machine_state m6 w
6 1348.000000 machine_state m11 w
6 1348.000000 machine_state m12 w
5 jw0!31 machine_state "w0!31" "0.000000 1.000000 0.625000"
6 1348.000000 machine_state m4 jw0!31
6 1348.000000 machine_state m5 jw0!31
6 1348.000000 machine_state m6 jw0!31
6 1348.000000 machine_state m11 jw0!31
8 1351.000000 kk k "w0!28"
8 1351.000000 km m7 "w0!28"
8 1351.000000 km m8 "w0!28"
8 1351.000000 km m9 "w0!28"
8 1351.000000 km m10 "w0!28"
8 1351.000000 km m13 "w0!28"
8 1351.000000 km m14 "w0!28"
6 1351.000000 machine_state m7 w
6 1351.000000 machine_state m8 w
6 1351.000000 machine_state m9 w
6 1351.000000 machine_state m10 w
6 1351.000000 machine_state m13 w
6 1351.000000 machine_state m14 w
5 jw0!32 machine_state "w0!32" "1.000000 0.000000 0.468750"
6 1351.000000 machine_state m7 jw0!32
6 1351.000000 machine_state m8 jw0!32
6 1351.000000 machine_state m9 jw0!32
6 1351.000000 machine_state m10 jw0!32
6 1351.000000 machine_state m12 jw0!32
6 1351.000000 machine_state m13 jw0!32
8 1493.000000 kk k "w0!30"
8 1493.000000 km m0 "w0!30"
8 1493.000000 km m1 "w0!30"
8 1493.000000 km m2 "w0!30"
8 1493.000000 km m3 "w0!30"
8 1493.000000 km m15 "w0!30"
6 1493.000000 machine_state m0 w
6 1493.000000 machine_state m1 w
6 1493.000000 machine_state m2 w
6 1493.000000 machine_state m3 w
6 1493.000000 machine_state m15 w
5 jw0!33 machine_state "w0!33" "0.312500 0.000000 1.000000"
6 1493.000000 machine_state m0 jw0!33
6 1493.000000 machine_state m1 jw0!33
6 1493.000000 machine_state m2 jw0!33
6 1493.000000 machine_state m3 jw0!33
6 1493.000000 machine_state m14 jw0!33
6 1493.000000 machine_state m15 jw0!33
8 1499.000000 kk k "w0!31"
8 1499.000000 km m4 "w0!31"
8 1499.000000 km m5 "w0!31"
8 1499.000000 km m6 "w0!31"
8 1499.000000 km m11 "w0!31"
6 1499.000000 machine_state m4 w
6 1499.000000 machine_state m5 w
6 1499.000000 machine_state m6 w
6 1499.000000 machine_state m11 w
8 1499.000000 kk k "w0!32"
8 1499.000000 km m7 "w0!32"
8 1499.000000 km m8 "w0!32"
8 1499.000000 km m9 "w0!32"
8 1499.000000 km m10 "w0!32"
8 1499.000000 km m12 "w0!32"
8 1499.000000 km m13 "w0!32"
6 1499.000000 machine_state m7 w
6 1499.000000 machine_state m8 w
6 1499.000000 machine_state m9 w
6 1499.000000 machine_state m10 w
6 1499.000000 machine_state m12 w
6 1499.000000 machine_state m13 w
5 jw0!34 machine_state "w0!34" "0.406250 1.000000 0.000000"
6 1499.000000 machine_state m4 jw0!34
6 1499.000000 machine_state m5 jw0!34
6 1499.000000 machine_state m6 jw0!34
5 jw0!35 machine_state "w0!35" "0.000000 0.906250 1.000000"
6 1499.000000 machine_state m7 jw0!35
6 1499.000000 machine_state m8 jw0!35
6 1499.000000 machine_state m9 jw0!35
5 jw0!36 machine_state "w0!36" "1.000000 0.000000 0.937500"
6 1499.000000 machine_state m10 jw0!36
6 1499.000000 machine_state m11 jw0!36
6 1499.000000 machine_state m12 jw0!36
8 1643.000000 kk k "w0!33"
8 1643.000000 km m0 "w0!33"
8 1643.000000 km m1 "w0!33"
8 1643.000000 km m2 "w0!33"
8 1643.000000 km m3 "w0!33"
8 1643.000000 km m14 "w0!33"
8 1643.000000 km m15 "w0!33"
6 1643.000000 machine_state m0 w
6 1643.000000 machine_state m1 w
6 1643.000000 machine_state m2 w
6 1643.000000 machine_state m3 w
6 1643.000000 machine_state m14 w
6 1643.000000 machine_state m15 w
5 jw0!37 machine_state "w0!37" "1.000000 0.375000 0.000000"
6 1643.000000 machine_state m0 jw0!37
6 1643.000000 machine_state m1 jw0!37
6 1643.000000 machine_state m2 jw0!37
6 1643.000000 machine_state m3 jw0!37
6 1643.000000 machine_state m13 jw0!37
8 1647.000000 kk k "w0!34"
8 1647.000000 km m4 "w0!34"
8 1647.000000 km m5 "w0!34"
8 1647.000000 km m6 "w0!34"
6 1647.000000 machine_state m4 w
6 1647.000000 machine_state m5 w
6 1647.000000 machine_state m6 w
5 jw0!38 machine_state "w0!38" "1.000000 0.000000 0.843750"
6 1647.000000 machine_state m4 jw0!38
6 1647.000000 machine_state m5 jw0!38
6 1647.000000 machine_state m6 jw0!38
6 1647.000000 machine_state m14 jw0!38
6 1647.000000 machine_state m15 jw0!38
8 1648.000000 kk k "w0!36"
8 1648.000000 km m10 "w0!36"
8 1648.000000 km m11 "w0!36"
8 1648.000000 km m12 "w0!36"
6 1648.000000 machine_state m10 w
6 1648.000000 machine_state m11 w
6 1648.000000 machine_state m12 w
8 1650.000000 kk k "w0!35"
8 1650.000000 km m7 "w0!35"
8 1650.000000 km m8 "w0!35"
8 1650.000000 km m9 "w0!35"
6 1650.000000 machine_state m7 w
6 1650.000000 machine_state m8 w
6 1650.000000 machine_state m9 w
5 jw0!39 machine_state "w0!39" "0.687500 1.000000 0.000000"
6 1650.000000 machine_state m7 jw0!39
6 1650.000000 machine_state m8 jw0!39
6 1650.000000 machine_state m9 jw0!39
6 1650.000000 machine_state m10 jw0!39
8 1793.000000 kk k "w0!37"
8 1793.000000 km m0 "w0!37"
8 1793.000000 km m1 "w0!37"
8 1793.000000 km m2 "w0!37"
8 1793.000000 km m3 "w0!37"
8 1793.000000 km m13 "w0!37"
6 1793.000000 machine_state m0 w
6 1793.000000 machine_state m1 w
6 1793.000000 machine_state m2 w
6 1793.000000 machine_state m3 w
6 1793.000000 machine_state m13 w
5 jw0!40 machine_state "w0!40" "0.000000 1.000000 0.531250"
6 1793.000000 machine_state m0 jw0!40
6 1793.000000 machine_state m1 jw0!40
6 1793.000000 machine_state m2 jw0!40
6 1793.000000 machine_state m3 jw0!40
6 1793.000000 machine_state m11 jw0!40
8 1796.000000 kk k "w0!38"
8 1796.000000 km m4 "w0!38"
8 1796.000000 km m5 "w0!38"
8 1796.000000 km m6 "w0!38"
8 1796.000000 km m14 "w0!38"
8 1796.000000 km m15 "w0!38"
6 1796.000000 machine_state m4 w
6 1796.000000 machine_state m5 w
6 1796.000000 machine_state m6 w
6 1796.000000 machine_state m14 w
6 1796.000000 machine_state m15 w
5 jw0!41 machine_state "w0!41" "0.000000 0.625000 1.000000"
6 1796.000000 machine_state m4 jw0!41
6 1796.000000 machine_state m5 jw0!41
6 1796.000000 machine_state m6 jw0!41
6 1796.000000 machine_state m12 jw0!41
6 1796.000000 machine_state m13 jw0!41
8 1798.000000 kk k "w0!39"
8 1798.000000 km m7 "w0!39"
8 1798.000000 km m8 "w0!39"
8 1798.000000 km m9 "w0!39"
8 1798.000000 km m10 "w0!39"
6 1798.000000 machine_state m7 w
6 1798.000000 machine_state m8 w
6 1798.000000 machine_state m9 w
6 1798.000000 machine_state m10 w
5 jw0!42 machine_state "w0!42" "0.781250 1.000000 0.000000"
6 1798.000000 machine_state m7 jw0!42
6 1798.000000 machine_state m8 jw0!42
6 1798.000000 machine_state m9 jw0!42
6 1798.000000 machine_state m10 jw0!42
6 1798.000000 machine_state m14 jw0!42
8 1940.000000 kk k "w0!40"
8 1940.000000 km m0 "w0!40"
8 1940.000000 km m1 "w0!40"
8 1940.000000 km m2 "w0!40"
8 1940.000000 km m3 "w0!40"
8 1940.000000 km m11 "w0!40"
6 1940.000000 machine_state m0 w
6 1940.000000 machine_state m1 w
6 1940.000000 machine_state m2 w
6 1940.000000 machine_state m3 w
6 1940.000000 machine_state m11 w
5 jw0!43 machine_state "w0!43" "0.000000 1.000000 0.718750"
6 1940.000000 machine_state m0 jw0!43
6 1940.000000 machine_state m1 jw0!43
6 1940.000000 machine_state m2 jw0!43
6 1940.000000 machine_state m3 jw0!43
6 1940.000000 machine_state m11 jw0!43
6 1940.000000 machine_state m15 jw0!43
8 1948.000000 kk k "w0!41"
8 1948.000000 km m4 "w0!41"
8 1948.000000 km m5 "w0!41"
8 1948.000000 km m6 "w0!41"
8 1948.000000 km m12 "w0!41"
8 1948.000000 km m13 "w0!41"
6 1948.000000 machine_state m4 w
6 1948.000000 machine_state m5 w
6 1948.000000 machine_state m6 w
6 1948.000000 machine_state m12 w
6 1948.000000 machine_state m13 w
8 1949.000000 kk k "w0!42"
8 1949.000000 km m7 "w0!42"
8 1949.000000 km m8 "w0!42"
8 1949.000000 km m9 "w0!42"
8 1949.000000 km m10 "w0!42"
8 1949.000000 km m14 "w0!42"
6 1949.000000 machine_state m7 w
6 1949.000000 machine_state m8 w
6 1949.000000 machine_state m9 w
6 1949.000000 machine_state m10 w
6 1949.000000 machine_state m14 w
5 jw0!44 machine_state "w0!44" "0.125000 0.000000 1.000000"
6 1949.000000 machine_state m4 jw0!44
6 1949.000000 machine_state m5 jw0!44
6 1949.000000 machine_state m6 jw0!44
6 1949.000000 machine_state m7 jw0!44
6 1949.000000 machine_state m8 jw0!44
6 1949.000000 machine_state m9 jw0!44
5 jw0!45 machine_state "w0!45" "1.000000 0.093750 0.000000"
6 1949.000000 machine_state m10 jw0!45
6 1949.000000 machine_state m12 jw0!45
6 1949.000000 machine_state m13 jw0!45
6 1949.000000 machine_state m14 jw0!45
8 2089.000000 kk k "w0!43"
8 2089.000000 km m0 "w0!43"
8 2089.000000 km m1 "w0!43"
8 2089.000000 km m2 "w0!43"
8 2089.000000 km m3 "w0!43"
8 2089.000000 km m11 "w0!43"
8 2089.000000 km m15 "w0!43"
6 2089.000000 machine_state m0 w
6 2089.000000 machine_state m1 w
6 2089.000000 machine_state m2 w
6 2089.000000 machine_state m3 w
6 2089.000000 machine_state m11 w
6 2089.000000 machine_state m15 w
5 jw0!46 machine_state "w0!46" "0.000000 1.000000 1.000000"
6 2089.000000 machine_state m0 jw0!46
6 2089.000000 machine_state m1 jw0!46
6 2089.000000 machine_state m2 jw0!46
6 2089.000000 machine_state m3 jw0!46
6 2089.000000 machine_state m11 jw0!46
8 2099.000000 kk k "w0!44"
8 2099.000000 km m4 "w0!44"
8 2099.000000 km m5 "w0!44"
8 2099.000000 km m6 "w0!44"
8 2099.000000 km m7 "w0!44"
8 2099.000000 km m8 "w0!44"
8 2099.000000 km m9 "w0!44"
6 2099.000000 machine_state m4 w
6 2099.000000 machine_state m5 w
6 2099.000000 machine_state m6 w
6 2099.000000 machine_state m7 w
6 2099.000000 machine_state m8 w
6 2099.000000 machine_state m9 w
5 jw0!47 machine_state "w0!47" "1.000000 0.750000 0.000000"
6 2099.000000 machine_state m4 jw0!47
6 2099.000000 machine_state m5 jw0!47
6 2099.000000 machine_state m6 jw0!47
6 2099.000000 machine_state m7 jw0!47
6 2099.000000 machine_state m8 jw0!47
8 2101.000000 kk k "w0!45"
8 2101.000000 km m10 "w0!45"
8 2101.000000 km m12 "w0!45"
8 2101.000000 km m13 "w0!45"
8 2101.000000 km m14 "w0!45"
6 2101.000000 machine_state m10 w
6 2101.000000 machine_state m12 w
6 2101.000000 machine_state m13 w
6 2101.000000 machine_state m14 w
5 jw0!48 machine_state "w0!48" "1.000000 0.000000 0.656250"
6 2101.000000 machine_state m9 jw0!48
6 2101.000000 machine_state m10 jw0!48
6 2101.000000 machine_state m12 jw0!48
6 2101.000000 machine_state m13 jw0!48
8 2237.000000 kk k "w0!46"
8 2237.000000 km m0 "w0!46"
8 2237.000000 km m1 "w0!46"
8 2237.000000 km m2 "w0!46"
8 2237.000000 km m3 "w0!46"
8 2237.000000 km m11 "w0!46"
6 2237.000000 machine_state m0 w
6 2237.000000 machine_state m1 w
6 2237.000000 machine_state m2 w
6 2237.000000 machine_state m3 w
6 2237.000000 machine_state m11 w
5 jw0!49 machine_state "w0!49" "0.000000 1.000000 0.437500"
6 2237.000000 machine_state m0 jw0!49
6 2237.000000 machine_state m1 jw0!49
6 2237.000000 machine_state m2 jw0!49
5 jw0!50 machine_state "w0!50" "1.000000 0.468750 0.000000"
6 2237.000000 machine_state m3 jw0!50
6 2237.000000 machine_state m11 jw0!50
6 2237.000000 machine_state m14 jw0!50
8 2248.000000 kk k "w0!47"
8 2248.000000 km m4 "w0!47"
8 2248.000000 km m5 "w0!47"
8 2248.000000 km m6 "w0!47"
8 2248.000000 km m7 "w0!47"
8 2248.000000 km m8 "w0!47"
6 2248.000000 machine_state m4 w
6 2248.000000 machine_state m5 w
6 2248.000000 machine_state m6 w
6 2248.000000 machine_state m7 w
6 2248.000000 machine_state m8 w
5 jw0!51 machine_state "w0!51" "0.968750 0.000000 1.000000"
6 2248.000000 machine_state m4 jw0!51
6 2248.000000 machine_state m5 jw0!51
6 2248.000000 machine_state m6 jw0!51
8 2254.000000 kk k "w0!48"
8 2254.000000 km m9 "w0!48"
8 2254.000000 km m10 "w0!48"
8 2254.000000 km m12 "w0!48"
8 2254.000000 km m13 "w0!48"
6 2254.000000 machine_state m9 w
6 2254.000000 machine_state m10 w
6 2254.000000 machine_state m12 w
6 2254.000000 machine_state m13 w
5 jw0!52 machine_state "w0!52" "0.875000 0.000000 1.000000"
6 2254.000000 machine_state m7 jw0!52
6 2254.000000 machine_state m8 jw0!52
6 2254.000000 machine_state m9 jw0!52
6 2254.000000 machine_state m10 jw0!52
8 2386.000000 kk k "w0!49"
8 2386.000000 km m0 "w0!49"
8 2386.000000 km m1 "w0!49"
8 2386.000000 km m2 "w0!49"
6 2386.000000 machine_state m0 w
6 2386.000000 machine_state m1 w
6 2386.000000 machine_state m2 w
5 jw0!53 machine_state "w0!53" "0.687500 0.000000 1.000000"
6 2386.000000 machine_state m0 jw0!53
6 2386.000000 machine_state m1 jw0!53
6 2386.000000 machine_state m2 jw0!53
6 2386.000000 machine_state m12 jw0!53
6 2386.000000 machine_state m13 jw0!53
8 2387.000000 kk k "w0!50"
8 2387.000000 km m3 "w0!50"
8 2387.000000 km m11 "w0!50"
8 2387.000000 km m14 "w0!50"
6 2387.000000 machine_state m3 w
6 2387.000000 machine_state m11 w
6 2387.000000 machine_state m14 w
8 2397.000000 kk k "w0!51"
8 2397.000000 km m4 "w0!51"
8 2397.000000 km m5 "w0!51"
8 2397.000000 km m6 "w0!51"
6 2397.000000 machine_state m4 w
6 2397.000000 machine_state m5 w
6 2397.000000 machine_state m6 w
5 jw0!54 machine_state "w0!54" "0.218750 0.000000 1.000000"
6 2397.000000 machine_state m3 jw0!54
6 2397.000000 machine_state m4 jw0!54
6 2397.000000 machine_state m5 jw0!54
6 2397.000000 machine_state m6 jw0!54
6 2397.000000 machine_state m11 jw0!54
8 2403.000000 kk k "w0!52"
8 2403.000000 km m7 "w0!52"
8 2403.000000 km m8 "w0!52"
8 2403.000000 km m9 "w0!52"
8 2403.000000 km m10 "w0!52"
6 2403.000000 machine_state m7 w
6 2403.000000 machine_state m8 w
6 2403.000000 machine_state m9 w
6 2403.000000 machine_state m10 w
5 jw0!55 machine_state "w0!55" "0.000000 0.437500 1.000000"
6 2403.000000 machine_state m7 jw0!55
6 2403.000000 machine_state m8 jw0!55
6 2403.000000 machine_state m9 jw0!55
6 2403.000000 machine_state m10 jw0!55
8 2534.000000 kk k "w0!53"
8 2534.000000 km m0 "w0!53"
8 2534.000000 km m1 "w0!53"
8 2534.000000 km m2 "w0!53"
8 2534.000000 km m12 "w0!53"
8 2534.000000 km m13 "w0!53"
6 2534.000000 machine_state m0 w
6 2534.000000 machine_state m1 w
6 2534.000000 machine_state m2 w
6 2534.000000 machine_state m12 w
6 2534.000000 machine_state m13 w
5 jw0!56 machine_state "w0!56" "0.312500 1.000000 0.000000"
6 2534.000000 machine_state m0 jw0!56
6 2534.000000 machine_state m1 jw0!56
6 2534.000000 machine_state m2 jw0!56
6 2534.000000 machine_state m12 jw0!56
5 jw0!69 machine_state "w0!69" "0.000000 0.718750 1.000000"
6 2534.000000 machine_state m13 jw0!69
6 2534.000000 machine_state m14 jw0!69
6 2534.000000 machine_state m15 jw0!69
8 2545.000000 kk k "w0!54"
8 2545.000000 km m3 "w0!54"
8 2545.000000 km m4 "w0!54"
8 2545.000000 km m5 "w0!54"
8 2545.000000 km m6 "w0!54"
8 2545.000000 km m11 "w0!54"
6 2545.000000 machine_state m3 w
6 2545.000000 machine_state m4 w
6 2545.000000 machine_state m5 w
6 2545.000000 machine_state m6 w
6 2545.000000 machine_state m11 w
5 jw0!57 machine_state "w0!57" "0.000000 0.250000 1.000000"
6 2545.000000 machine_state m3 jw0!57
6 2545.000000 machine_state m4 jw0!57
6 2545.000000 machine_state m5 jw0!57
6 2545.000000 machine_state m6 jw0!57
8 2556.000000 kk k "w0!55"
8 2556.000000 km m7 "w0!55"
8 2556.000000 km m8 "w0!55"
8 2556.000000 km m9 "w0!55"
8 2556.000000 km m10 "w0!55"
6 2556.000000 machine_state m7 w
6 2556.000000 machine_state m8 w
6 2556.000000 machine_state m9 w
6 2556.000000 machine_state m10 w
8 2684.000000 kk k "w0!69"
8 2684.000000 km m13 "w0!69"
8 2684.000000 km m14 "w0!69"
8 2684.000000 km m15 "w0!69"
6 2684.000000 machine_state m13 w
6 2684.000000 machine_state m14 w
6 2684.000000 machine_state m15 w
5 jw0!58 machine_state "w0!58" "0.031250 1.000000 0.000000"
6 2684.000000 machine_state m7 jw0!58
6 2684.000000 machine_state m8 jw0!58
6 2684.000000 machine_state m9 jw0!58
6 2684.000000 machine_state m10 jw0!58
6 2684.000000 machine_state m11 jw0!58
6 2684.000000 machine_state m13 jw0!58
8 2685.000000 kk k "w0!56"
8 2685.000000 km m0 "w0!56"
8 2685.000000 km m1 "w0!56"
8 2685.000000 km m2 "w0!56"
8 2685.000000 km m12 "w0!56"
6 2685.000000 machine_state m0 w
6 2685.000000 machine_state m1 w
6 2685.000000 machine_state m2 w
6 2685.000000 machine_state m12 w
5 jw0!59 machine_state "w0!59" "0.000000 0.062500 1.000000"
6 2685.000000 machine_state m0 jw0!59
6 2685.000000 machine_state m1 jw0!59
6 2685.000000 machine_state m2 jw0!59
6 2685.000000 machine_state m12 jw0!59
8 2698.000000 kk k "w0!57"
8 2698.000000 km m3 "w0!57"
8 2698.000000 km m4 "w0!57"
8 2698.000000 km m5 "w0!57"
8 2698.000000 km m6 "w0!57"
6 2698.000000 machine_state m3 w
6 2698.000000 machine_state m4 w
6 2698.000000 machine_state m5 w
6 2698.000000 machine_state m6 w
5 jw0!60 machine_state "w0!60" "1.000000 0.281250 0.000000"
6 2698.000000 machine_state m3 jw0!60
6 2698.000000 machine_state m4 jw0!60
6 2698.000000 machine_state m5 jw0!60
6 2698.000000 machine_state m6 jw0!60
8 2835.000000 kk k "w0!58"
8 2835.000000 km m7 "w0!58"
8 2835.000000 km m8 "w0!58"
8 2835.000000 km m9 "w0!58"
8 2835.000000 km m10 "w0!58"
8 2835.000000 km m11 "w0!58"
8 2835.000000 km m13 "w0!58"
6 2835.000000 machine_state m7 w
6 2835.000000 machine_state m8 w
6 2835.000000 machine_state m9 w
6 2835.000000 machine_state m10 w
6 2835.000000 machine_state m11 w
6 2835.000000 machine_state m13 w
8 2835.000000 kk k "w0!59"
8 2835.000000 km m0 "w0!59"
8 2835.000000 km m1 "w0!59"
8 2835.000000 km m2 "w0!59"
8 2835.000000 km m12 "w0!59"
6 2835.000000 machine_state m0 w
6 2835.000000 machine_state m1 w
6 2835.000000 machine_state m2 w
6 2835.000000 machine_state m12 w
5 jw0!61 machine_state "w0!61" "0.000000 1.000000 0.062500"
6 2835.000000 machine_state m0 jw0!61
6 2835.000000 machine_state m1 jw0!61
6 2835.000000 machine_state m2 jw0!61
6 2835.000000 machine_state m7 jw0!61
6 2835.000000 machine_state m8 jw0!61
5 jw0!62 machine_state "w0!62" "1.000000 0.187500 0.000000"
6 2835.000000 machine_state m9 jw0!62
6 2835.000000 machine_state m10 jw0!62
6 2835.000000 machine_state m11 jw0!62
6 2835.000000 machine_state m12 jw0!62
8 2848.000000 kk k "w0!60"
8 2848.000000 km m3 "w0!60"
8 2848.000000 km m4 "w0!60"
8 2848.000000 km m5 "w0!60"
8 2848.000000 km m6 "w0!60"
6 2848.000000 machine_state m3 w
6 2848.000000 machine_state m4 w
6 2848.000000 machine_state m5 w
6 2848.000000 machine_state m6 w
5 jw0!63 machine_state "w0!63" "0.000000 1.000000 0.343750"
6 2848.000000 machine_state m3 jw0!63
6 2848.000000 machine_state m4 jw0!63
6 2848.000000 machine_state m5 jw0!63
6 2848.000000 machine_state m6 jw0!63
6 2848.000000 machine_state m13 jw0!63
8 2979.000000 kk k "w0!62"
8 2979.000000 km m9 "w0!62"
8 2979.000000 km m10 "w0!62"
8 2979.000000 km m11 "w0!62"
8 2979.000000 km m12 "w0!62"
6 2979.000000 machine_state m9 w
6 2979.000000 machine_state m10 w
6 2979.000000 machine_state m11 w
6 2979.000000 machine_state m12 w
5 jw0!65 machine_state "w0!65" "0.000000 0.156250 1.000000"
6 2979.000000 machine_state m11 jw0!65
6 2979.000000 machine_state m12 jw0!65
6 2979.000000 machine_state m14 jw0!65
6 2979.000000 machine_state m15 jw0!65
8 2989.000000 kk k "w0!61"
8 2989.000000 km m0 "w0!61"
8 2989.000000 km m1 "w0!61"
8 2989.000000 km m2 "w0!61"
8 2989.000000 km m7 "w0!61"
8 2989.000000 km m8 "w0!61"
6 2989.000000 machine_state m0 w
6 2989.000000 machine_state m1 w
6 2989.000000 machine_state m2 w
6 2989.000000 machine_state m7 w
6 2989.000000 machine_state m8 w
5 jw0!64 machine_state "w0!64" "0.000000 1.000000 0.812500"
6 2989.000000 machine_state m0 jw0!64
6 2989.000000 machine_state m1 jw0!64
6 2989.000000 machine_state m2 jw0!64
6 2989.000000 machine_state m7 jw0!64
6 2989.000000 machine_state m8 jw0!64
6 2989.000000 machine_state m9 jw0!64
6 2989.000000 machine_state m10 jw0!64
8 3001.000000 kk k "w0!63"
8 3001.000000 km m3 "w0!63"
8 3001.000000 km m4 "w0!63"
8 3001.000000 km m5 "w0!63"
8 3001.000000 km m6 "w0!63"
8 3001.000000 km m13 "w0!63"
6 3001.000000 machine_state m3 w
6 3001.000000 machine_state m4 w
6 3001.000000 machine_state m5 w
6 3001.000000 machine_state m6 w
6 3001.000000 machine_state m13 w
5 jw0!66 machine_state "w0!66" "1.000000 0.843750 0.000000"
6 3001.000000 machine_state m3 jw0!66
6 3001.000000 machine_state m4 jw0!66
6 3001.000000 machine_state m5 jw0!66
6 3001.000000 machine_state m6 jw0!66
6 3001.000000 machine_state m13 jw0!66
8 3129.000000 kk k "w0!65"
8 3129.000000 km m11 "w0!65"
8 3129.000000 km m12 "w0!65"
8 3129.000000 km m14 "w0!65"
8 3129.000000 km m15 "w0!65"
6 3129.000000 machine_state m11 w
6 3129.000000 machine_state m12 w
6 3129.000000 machine_state m14 w
6 3129.000000 machine_state m15 w
5 jw0!71 machine_state "w0!71" "0.000000 0.812500 1.000000"
6 3129.000000 machine_state m11 jw0!71
6 3129.000000 machine_state m12 jw0!71
6 3129.000000 machine_state m14 jw0!71
8 3136.000000 kk k "w0!64"
8 3136.000000 km m0 "w0!64"
8 3136.000000 km m1 "w0!64"
8 3136.000000 km m2 "w0!64"
8 3136.000000 km m7 "w0!64"
8 3136.000000 km m8 "w0!64"
8 3136.000000 km m9 "w0!64"
8 3136.000000 km m10 "w0!64"
6 3136.000000 machine_state m0 w
6 3136.000000 machine_state m1 w
6 3136.000000 machine_state m2 w
6 3136.000000 machine_state m7 w
6 3136.000000 machine_state m8 w
6 3136.000000 machine_state m9 w
6 3136.000000 machine_state m10 w
5 jw0!67 machine_state "w0!67" "0.968750 1.000000 0.000000"
6 3136.000000 machine_state m0 jw0!67
6 3136.000000 machine_state m1 jw0!67
6 3136.000000 machine_state m2 jw0!67
6 3136.000000 machine_state m7 jw0!67
6 3136.000000 machine_state m8 jw0!67
8 3151.000000 kk k "w0!66"
8 3151.000000 km m3 "w0!66"
8 3151.000000 km m4 "w0!66"
8 3151.000000 km m5 "w0!66"
8 3151.000000 km m6 "w0!66"
8 3151.000000 km m13 "w0!66"
6 3151.000000 machine_state m3 w
6 3151.000000 machine_state m4 w
6 3151.000000 machine_state m5 w
6 3151.000000 machine_state m6 w
6 3151.000000 machine_state m13 w
5 jw0!68 machine_state "w0!68" "0.500000 0.000000 1.000000"
6 3151.000000 machine_state m3 jw0!68
6 3151.000000 machine_state m4 jw0!68
6 3151.000000 machine_state m5 jw0!68
6 3151.000000 machine_state m6 jw0!68
6 3151.000000 machine_state m9 jw0!68
8 3280.000000 kk k "w0!71"
8 3280.000000 km m11 "w0!71"
8 3280.000000 km m12 "w0!71"
8 3280.000000 km m14 "w0!71"
6 3280.000000 machine_state m11 w
6 3280.000000 machine_state m12 w
6 3280.000000 machine_state m14 w
5 jw0!70 machine_state "w0!70" "1.000000 0.000000 0.093750"
6 3280.000000 machine_state m10 jw0!70
6 3280.000000 machine_state m11 jw0!70
6 3280.000000 machine_state m12 jw0!70
6 3280.000000 machine_state m13 jw0!70
6 3280.000000 machine_state m14 jw0!70
8 3288.000000 kk k "w0!67"
8 3288.000000 km m0 "w0!67"
8 3288.000000 km m1 "w0!67"
8 3288.000000 km m2 "w0!67"
8 3288.000000 km m7 "w0!67"
8 3288.000000 km m8 "w0!67"
6 3288.000000 machine_state m0 w
6 3288.000000 machine_state m1 w
6 3288.000000 machine_state m2 w
6 3288.000000 machine_state m7 w
6 3288.000000 machine_state m8 w
5 jw0!72 machine_state "w0!72" "1.000000 0.000000 0.750000"
6 3288.000000 machine_state m0 jw0!72
6 3288.000000 machine_state m1 jw0!72
6 3288.000000 machine_state m2 jw0!72
6 3288.000000 machine_state m7 jw0!72
6 3288.000000 machine_state m8 jw0!72
8 3299.000000 kk k "w0!68"
8 3299.000000 km m3 "w0!68"
8 3299.000000 km m4 "w0!68"
8 3299.000000 km m5 "w0!68"
8 3299.000000 km m6 "w0!68"
8 3299.000000 km m9 "w0!68"
6 3299.000000 machine_state m3 w
6 3299.000000 machine_state m4 w
6 3299.000000 machine_state m5 w
6 3299.000000 machine_state m6 w
6 3299.000000 machine_state m9 w
5 jw0!73 machine_state "w0!73" "1.000000 0.000000 0.281250"
6 3299.000000 machine_state m3 jw0!73
6 3299.000000 machine_state m4 jw0!73
6 3299.000000 machine_state m5 jw0!73
6 3299.000000 machine_state m6 jw0!73
8 3427.000000 kk k "w0!70"
8 3427.000000 km m10 "w0!70"
8 3427.000000 km m11 "w0!70"
8 3427.000000 km m12 "w0!70"
8 3427.000000 km m13 "w0!70"
8 3427.000000 km m14 "w0!70"
6 3427.000000 machine_state m10 w
6 3427.000000 machine_state m11 w
6 3427.000000 machine_state m12 w
6 3427.000000 machine_state m13 w
6 3427.000000 machine_state m14 w
5 jw0!74 machine_state "w0!74" "0.875000 1.000000 0.000000"
6 3427.000000 machine_state m9 jw0!74
6 3427.000000 machine_state m10 jw0!74
6 3427.000000 machine_state m11 jw0!74
6 3427.000000 machine_state m12 jw0!74
5 jw0!83 machine_state "w0!83" "0.781250 0.000000 1.000000"
6 3427.000000 machine_state m13 jw0!83
6 3427.000000 machine_state m14 jw0!83
6 3427.000000 machine_state m15 jw0!83
8 3439.000000 kk k "w0!72"
8 3439.000000 km m0 "w0!72"
8 3439.000000 km m1 "w0!72"
8 3439.000000 km m2 "w0!72"
8 3439.000000 km m7 "w0!72"
8 3439.000000 km m8 "w0!72"
6 3439.000000 machine_state m0 w
6 3439.000000 machine_state m1 w
6 3439.000000 machine_state m2 w
6 3439.000000 machine_state m7 w
6 3439.000000 machine_state m8 w
5 jw0!75 machine_state "w0!75" "0.125000 1.000000 0.000000"
6 3439.000000 machine_state m0 jw0!75
6 3439.000000 machine_state m1 jw0!75
6 3439.000000 machine_state m2 jw0!75
6 3439.000000 machine_state m7 jw0!75
8 3450.000000 kk k "w0!73"
8 3450.000000 km m3 "w0!73"
8 3450.000000 km m4 "w0!73"
8 3450.000000 km m5 "w0!73"
8 3450.000000 km m6 "w0!73"
6 3450.000000 machine_state m3 w
6 3450.000000 machine_state m4 w
6 3450.000000 machine_state m5 w
6 3450.000000 machine_state m6 w
8 3577.000000 kk k "w0!83"
8 3577.000000 km m13 "w0!83"
8 3577.000000 km m14 "w0!83"
8 3577.000000 km m15 "w0!83"
6 3577.000000 machine_state m13 w
6 3577.000000 machine_state m14 w
6 3577.000000 machine_state m15 w
5 jw0!76 machine_state "w0!76" "0.000000 0.531250 1.000000"
6 3577.000000 machine_state m3 jw0!76
6 3577.000000 machine_state m4 jw0!76
6 3577.000000 machine_state m5 jw0!76
6 3577.000000 machine_state m6 jw0!76
6 3577.000000 machine_state m8 jw0!76
6 3577.000000 machine_state m13 jw0!76
8 3578.000000 kk k "w0!74"
8 3578.000000 km m9 "w0!74"
8 3578.000000 km m10 "w0!74"
8 3578.000000 km m11 "w0!74"
8 3578.000000 km m12 "w0!74"
6 3578.000000 machine_state m9 w
6 3578.000000 machine_state m10 w
6 3578.000000 machine_state m11 w
6 3578.000000 machine_state m12 w
5 jw0!77 machine_state "w0!77" "1.000000 0.000000 0.375000"
6 3578.000000 machine_state m9 jw0!77
6 3578.000000 machine_state m10 jw0!77
6 3578.000000 machine_state m11 jw0!77
6 3578.000000 machine_state m12 jw0!77
6 3578.000000 machine_state m14 jw0!77
8 3590.000000 kk k "w0!75"
8 3590.000000 km m0 "w0!75"
8 3590.000000 km m1 "w0!75"
8 3590.000000 km m2 "w0!75"
8 3590.000000 km m7 "w0!75"
6 3590.000000 machine_state m0 w
6 3590.000000 machine_state m1 w
6 3590.000000 machine_state m2 w
6 3590.000000 machine_state m7 w
8 3728.000000 kk k "w0!77"
8 3728.000000 km m9 "w0!77"
8 3728.000000 km m10 "w0!77"
8 3728.000000 km m11 "w0!77"
8 3728.000000 km m12 "w0!77"
8 3728.000000 km m14 "w0!77"
6 3728.000000 machine_state m9 w
6 3728.000000 machine_state m10 w
6 3728.000000 machine_state m11 w
6 3728.000000 machine_state m12 w
6 3728.000000 machine_state m14 w
5 jw0!78 machine_state "w0!78" "0.000000 0.343750 1.000000"
6 3728.000000 machine_state m0 jw0!78
6 3728.000000 machine_state m1 jw0!78
6 3728.000000 machine_state m2 jw0!78
6 3728.000000 machine_state m7 jw0!78
6 3728.000000 machine_state m9 jw0!78
6 3728.000000 machine_state m10 jw0!78
5 jw0!81 machine_state "w0!81" "0.406250 0.000000 1.000000"
6 3728.000000 machine_state m11 jw0!81
6 3728.000000 machine_state m12 jw0!81
6 3728.000000 machine_state m14 jw0!81
6 3728.000000 machine_state m15 jw0!81
8 3732.000000 kk k "w0!76"
8 3732.000000 km m3 "w0!76"
8 3732.000000 km m4 "w0!76"
8 3732.000000 km m5 "w0!76"
8 3732.000000 km m6 "w0!76"
8 3732.000000 km m8 "w0!76"
8 3732.000000 km m13 "w0!76"
6 3732.000000 machine_state m3 w
6 3732.000000 machine_state m4 w
6 3732.000000 machine_state m5 w
6 3732.000000 machine_state m6 w
6 3732.000000 machine_state m8 w
6 3732.000000 machine_state m13 w
5 jw0!79 machine_state "w0!79" "0.500000 1.000000 0.000000"
6 3732.000000 machine_state m3 jw0!79
6 3732.000000 machine_state m4 jw0!79
6 3732.000000 machine_state m5 jw0!79
6 3732.000000 machine_state m6 jw0!79
6 3732.000000 machine_state m8 jw0!79
8 3875.000000 kk k "w0!81"
8 3875.000000 km m11 "w0!81"
8 3875.000000 km m12 "w0!81"
8 3875.000000 km m14 "w0!81"
8 3875.000000 km m15 "w0!81"
6 3875.000000 machine_state m11 w
6 3875.000000 machine_state m12 w
6 3875.000000 machine_state m14 w
6 3875.000000 machine_state m15 w
5 jw0!80 machine_state "w0!80" "1.000000 0.562500 0.000000"
6 3875.000000 machine_state m11 jw0!80
6 3875.000000 machine_state m12 jw0!80
6 3875.000000 machine_state m13 jw0!80
6 3875.000000 machine_state m14 jw0!80
6 3875.000000 machine_state m15 jw0!80
8 3878.000000 kk k "w0!78"
8 3878.000000 km m0 "w0!78"
8 3878.000000 km m1 "w0!78"
8 3878.000000 km m2 "w0!78"
8 3878.000000 km m7 "w0!78"
8 3878.000000 km m9 "w0!78"
8 3878.000000 km m10 "w0!78"
6 3878.000000 machine_state m0 w
6 3878.000000 machine_state m1 w
6 3878.000000 machine_state m2 w
6 3878.000000 machine_state m7 w
6 3878.000000 machine_state m9 w
6 3878.000000 machine_state m10 w
5 jw0!82 machine_state "w0!82" "1.000000 0.937500 0.000000"
6 3878.000000 machine_state m0 jw0!82
6 3878.000000 machine_state m1 jw0!82
6 3878.000000 machine_state m2 jw0!82
6 3878.000000 machine_state m7 jw0!82
8 3882.000000 kk k "w0!79"
8 3882.000000 km m3 "w0!79"
8 3882.000000 km m4 "w0!79"
8 3882.000000 km m5 "w0!79"
8 3882.000000 km m6 "w0!79"
8 3882.000000 km m8 "w0!79"
6 3882.000000 machine_state m3 w
6 3882.000000 machine_state m4 w
6 3882.000000 machine_state m5 w
6 3882.000000 machine_state m6 w
6 3882.000000 machine_state m8 w
5 jw0!84 machine_state "w0!84" "1.000000 0.000000 0.562500"
6 3882.000000 machine_state m3 jw0!84
6 3882.000000 machine_state m4 jw0!84
6 3882.000000 machine_state m5 jw0!84
8 4023.000000 kk k "w0!80"
8 4023.000000 km m11 "w0!80"
8 4023.000000 km m12 "w0!80"
8 4023.000000 km m13 "w0!80"
8 4023.000000 km m14 "w0!80"
8 4023.000000 km m15 "w0!80"
6 4023.000000 machine_state m11 w
6 4023.000000 machine_state m12 w
6 4023.000000 machine_state m13 w
6 4023.000000 machine_state m14 w
6 4023.000000 machine_state m15 w
5 jw0!85 machine_state "w0!85" "0.000000 1.000000 0.250000"
6 4023.000000 machine_state m6 jw0!85
6 4023.000000 machine_state m8 jw0!85
6 4023.000000 machine_state m9 jw0!85
6 4023.000000 machine_state m10 jw0!85
6 4023.000000 machine_state m11 jw0!85
5 jw0!86 machine_state "w0!86" "0.593750 0.000000 1.000000"
6 4023.000000 machine_state m12 jw0!86
6 4023.000000 machine_state m13 jw0!86
6 4023.000000 machine_state m14 jw0!86
8 4027.000000 kk k "w0!82"
8 4027.000000 km m0 "w0!82"
8 4027.000000 km m1 "w0!82"
8 4027.000000 km m2 "w0!82"
8 4027.000000 km m7 "w0!82"
6 4027.000000 machine_state m0 w
6 4027.000000 machine_state m1 w
6 4027.000000 machine_state m2 w
6 4027.000000 machine_state m7 w
5 jw0!87 machine_state "w0!87" "0.218750 1.000000 0.000000"
6 4027.000000 machine_state m0 jw0!87
6 4027.000000 machine_state m1 jw0!87
6 4027.000000 machine_state m2 jw0!87
8 4033.000000 kk k "w0!84"
8 4033.000000 km m3 "w0!84"
8 4033.000000 km m4 "w0!84"
8 4033.000000 km m5 "w0!84"
6 4033.000000 machine_state m3 w
6 4033.000000 machine_state m4 w
6 4033.000000 machine_state m5 w
5 jw0!88 machine_state "w0!88" "1.000000 0.000000 0.000000"
6 4033.000000 machine_state m3 jw0!88
6 4033.000000 machine_state m4 jw0!88
6 4033.000000 machine_state m5 jw0!88
6 4033.000000 machine_state m7 jw0!88
8 4173.000000 kk k "w0!85"
8 4173.000000 km m6 "w0!85"
8 4173.000000 km m8 "w0!85"
8 4173.000000 km m9 "w0!85"
8 4173.000000 km m10 "w0!85"
8 4173.000000 km m11 "w0!85"
6 4173.000000 machine_state m6 w
6 4173.000000 machine_state m8 w
6 4173.000000 machine_state m9 w
6 4173.000000 machine_state m10 w
6 4173.000000 machine_state m11 w
5 jw0!89 machine_state "w0!89" "1.000000 0.656250 0.000000"
6 4173.000000 machine_state m6 jw0!89
6 4173.000000 machine_state m8 jw0!89
6 4173.000000 machine_state m9 jw0!89
8 4174.000000 kk k "w0!86"
8 4174.000000 km m12 "w0!86"
8 4174.000000 km m13 "w0!86"
8 4174.000000 km m14 "w0!86"
6 4174.000000 machine_state m12 w
6 4174.000000 machine_state m13 w
6 4174.000000 machine_state m14 w
5 jw0!90 machine_state "w0!90" "0.593750 1.000000 0.000000"
6 4174.000000 machine_state m10 jw0!90
6 4174.000000 machine_state m11 jw0!90
6 4174.000000 machine_state m12 jw0!90
6 4174.000000 machine_state m13 jw0!90
6 4174.000000 machine_state m14 jw0!90
8 4179.000000 kk k "w0!87"
8 4179.000000 km m0 "w0!87"
8 4179.000000 km m1 "w0!87"
8 4179.000000 km m2 "w0!87"
6 4179.000000 machine_state m0 w
6 4179.000000 machine_state m1 w
6 4179.000000 machine_state m2 w
5 jw0!91 machine_state "w0!91" "1.000000 0.000000 0.187500"
6 4179.000000 machine_state m0 jw0!91
6 4179.000000 machine_state m1 jw0!91
6 4179.000000 machine_state m2 jw0!91
6 4179.000000 machine_state m15 jw0!91
8 4180.000000 kk k "w0!88"
8 4180.000000 km m3 "w0!88"
8 4180.000000 km m4 "w0!88"
8 4180.000000 km m5 "w0!88"
8 4180.000000 km m7 "w0!88"
6 4180.000000 machine_state m3 w
6 4180.000000 machine_state m4 w
6 4180.000000 machine_state m5 w
6 4180.000000 machine_state m7 w
8 4323.000000 kk k "w0!89"
8 4323.000000 km m6 "w0!89"
8 4323.000000 km m8 "w0!89"
8 4323.000000 km m9 "w0!89"
6 4323.000000 machine_state m6 w
6 4323.000000 machine_state m8 w
6 4323.000000 machine_state m9 w
8 4323.000000 kk k "w0!90"
8 4323.000000 km m10 "w0!90"
8 4323.000000 km m11 "w0!90"
8 4323.000000 km m12 "w0!90"
8 4323.000000 km m13 "w0!90"
8 4323.000000 km m14 "w0!90"
6 4323.000000 machine_state m10 w
6 4323.000000 machine_state m11 w
6 4323.000000 machine_state m12 w
6 4323.000000 machine_state m13 w
6 4323.000000 machine_state m14 w
5 jw0!92 machine_state "w0!92" "0.031250 0.000000 1.000000"
6 4323.000000 machine_state m3 jw0!92
6 4323.000000 machine_state m4 jw0!92
6 4323.000000 machine_state m5 jw0!92
6 4323.000000 machine_state m6 jw0!92
6 4323.000000 machine_state m7 jw0!92
5 jw0!93 machine_state "w0!93" "0.000000 1.000000 0.906250"
6 4323.000000 machine_state m8 jw0!93
6 4323.000000 machine_state m9 jw0!93
6 4323.000000 machine_state m10 jw0!93
6 4323.000000 machine_state m11 jw0!93
6 4323.000000 machine_state m12 jw0!93
6 4323.000000 machine_state m13 jw0!93
8 4330.000000 kk k "w0!91"
8 4330.000000 km m0 "w0!91"
8 4330.000000 km m1 "w0!91"
8 4330.000000 km m2 "w0!91"
8 4330.000000 km m15 "w0!91"
6 4330.000000 machine_state m0 w
6 4330.000000 machine_state m1 w
6 4330.000000 machine_state m2 w
6 4330.000000 machine_state m15 w
5 jw0!94 machine_state "w0!94" "0.000000 1.000000 0.156250"
6 4330.000000 machine_state m0 jw0!94
6 4330.000000 machine_state m1 jw0!94
6 4330.000000 machine_state m2 jw0!94
6 4330.000000 machine_state m14 jw0!94
8 4470.000000 kk k "w0!93"
8 4470.000000 km m8 "w0!93"
8 4470.000000 km m9 "w0!93"
8 4470.000000 km m10 "w0!93"
8 4470.000000 km m11 "w0!93"
8 4470.000000 km m12 "w0!93"
8 4470.000000 km m13 "w0!93"
6 4470.000000 machine_state m8 w
6 4470.000000 machine_state m9 w
6 4470.000000 machine_state m10 w
6 4470.000000 machine_state m11 w
6 4470.000000 machine_state m12 w
6 4470.000000 machine_state m13 w
5 jw0!95 machine_state "w0!95" "0.000000 1.000000 0.625000"
6 4470.000000 machine_state m8 jw0!95
6 4470.000000 machine_state m9 jw0!95
6 4470.000000 machine_state m10 jw0!95
6 4470.000000 machine_state m11 jw0!95
6 4470.000000 machine_state m12 jw0!95
8 4473.000000 kk k "w0!92"
8 4473.000000 km m3 "w0!92"
8 4473.000000 km m4 "w0!92"
8 4473.000000 km m5 "w0!92"
8 4473.000000 km m6 "w0!92"
8 4473.000000 km m7 "w0!92"
6 4473.000000 machine_state m3 w
6 4473.000000 machine_state m4 w
6 4473.000000 machine_state m5 w
6 4473.000000 machine_state m6 w
6 4473.000000 machine_state m7 w
5 jw0!96 machine_state "w0!96" "1.000000 0.000000 0.468750"
6 4473.000000 machine_state m3 jw0!96
6 4473.000000 machine_state m4 jw0!96
6 4473.000000 machine_state m5 jw0!96
6 4473.000000 machine_state m6 jw0!96
8 4482.000000 kk k "w0!94"
8 4482.000000 km m0 "w0!94"
8 4482.000000 km m1 "w0!94"
8 4482.000000 km m2 "w0!94"
8 4482.000000 km m14 "w0!94"
6 4482.000000 machine_state m0 w
6 4482.000000 machine_state m1 w
6 4482.000000 machine_state m2 w
6 4482.000000 machine_state m14 w
5 jw0!97 machine_state "w0!97" "0.312500 0.000000 1.000000"
6 4482.000000 machine_state m0 jw0!97
6 4482.000000 machine_state m1 jw0!97
6 4482.000000 machine_state m2 jw0!97
6 4482.000000 machine_state m7 jw0!97
6 4482.000000 machine_state m13 jw0!97
6 4482.000000 machine_state m14 jw0!97
6 4482.000000 machine_state m15 jw0!97
8 4618.000000 kk k "w0!95"
8 4618.000000 km m8 "w0!95"
8 4618.000000 km m9 "w0!95"
8 4618.000000 km m10 "w0!95"
8 4618.000000 km m11 "w0!95"
8 4618.000000 km m12 "w0!95"
6 4618.000000 machine_state m8 w
6 4618.000000 machine_state m9 w
6 4618.000000 machine_state m10 w
6 4618.000000 machine_state m11 w
6 4618.000000 machine_state m12 w
5 jw0!98 machine_state "w0!98" "0.406250 1.000000 0.000000"
6 4618.000000 machine_state m8 jw0!98
6 4618.000000 machine_state m9 jw0!98
6 4618.000000 machine_state m10 jw0!98
6 4618.000000 machine_state m11 jw0!98
8 4619.000000 kk k "w0!96"
8 4619.000000 km m3 "w0!96"
8 4619.000000 km m4 "w0!96"
8 4619.000000 km m5 "w0!96"
8 4619.000000 km m6 "w0!96"
6 4619.000000 machine_state m3 w
6 4619.000000 machine_state m4 w
6 4619.000000 machine_state m5 w
6 4619.000000 machine_state m6 w
5 jw0!99 machine_state "w0!99" "0.000000 0.906250 1.000000"
6 4619.000000 machine_state m3 jw0!99
6 4619.000000 machine_state m4 jw0!99
6 4619.000000 machine_state m5 jw0!99
6 4619.000000 machine_state m6 jw0!99
6 4619.000000 machine_state m12 jw0!99
8 4636.000000 kk k "w0!97"
8 4636.000000 km m0 "w0!97"
8 4636.000000 km m1 "w0!97"
8 4636.000000 km m2 "w0!97"
8 4636.000000 km m7 "w0!97"
8 4636.000000 km m13 "w0!97"
8 4636.000000 km m14 "w0!97"
8 4636.000000 km m15 "w0!97"
6 4636.000000 machine_state m0 w
6 4636.000000 machine_state m1 w
6 4636.000000 machine_state m2 w
6 4636.000000 machine_state m7 w
6 4636.000000 machine_state m13 w
6 4636.000000 machine_state m14 w
6 4636.000000 machine_state m15 w
5 jw0!100 machine_state "w0!100" "1.000000 0.000000 0.937500"
6 4636.000000 machine_state m0 jw0!100
6 4636.000000 machine_state m1 jw0!100
6 4636.000000 machine_state m2 jw0!100
6 4636.000000 machine_state m7 jw0!100
6 4636.000000 machine_state m13 jw0!100
8 4768.000000 kk k "w0!98"
8 4768.000000 km m8 "w0!98"
8 4768.000000 km m9 "w0!98"
8 4768.000000 km m10 "w0!98"
8 4768.000000 km m11 "w0!98"
6 4768.000000 machine_state m8 w
6 4768.000000 machine_state m9 w
6 4768.000000 machine_state m10 w
6 4768.000000 machine_state m11 w
8 4768.000000 kk k "w0!99"
8 4768.000000 km m3 "w0!99"
8 4768.000000 km m4 "w0!99"
8 4768.000000 km m5 "w0!99"
8 4768.000000 km m6 "w0!99"
8 4768.000000 km m12 "w0!99"
6 4768.000000 machine_state m3 w
6 4768.000000 machine_state m4 w
6 4768.000000 machine_state m5 w
6 4768.000000 machine_state m6 w
6 4768.000000 machine_state m12 w
8 4789.000000 kk k "w0!100"
8 4789.000000 km m0 "w0!100"
8 4789.000000 km m1 "w0!100"
8 4789.000000 km m2 "w0!100"
8 4789.000000 km m7 "w0!100"
8 4789.000000 km m13 "w0!100"
6 4789.000000 machine_state m0 w
6 4789.000000 machine_state m1 w
6 4789.000000 machine_state m2 w
6 4789.000000 machine_state m7 w
6 4789.000000 machine_state m13 w

# End of events, containers destruction
3 4789.000000 m0 machine_ct
3 4789.000000 m1 machine_ct
3 4789.000000 m2 machine_ct
3 4789.000000 m3 machine_ct
3 4789.000000 m4 machine_ct
3 4789.000000 m5 machine_ct
3 4789.000000 m6 machine_ct
3 4789.000000 m7 machine_ct
3 4789.000000 m8 machine_ct
3 4789.000000 m9 machine_ct
3 4789.000000 m10 machine_ct
3 4789.000000 m11 machine_ct
3 4789.000000 m12 machine_ct
3 4789.000000 m13 machine_ct
3 4789.000000 m14 machine_ct
3 4789.000000 m15 machine_ct
3 4789.000000 root root_ct
